<?xml version="1.0" encoding="UTF-8"?>
<!-- Generated by org.testng.reporters.JUnitXMLReporter -->
<testsuite hostname="M1525102" name="FireTest" tests="1" failures="1" timestamp="22 Dec 2016 11:10:34 GMT" time="1.034" errors="0">
  <testcase name="@AfterClass tearDown" time="0.0" classname="com.cerner.pctorion.platformTests.ORN_VR_PatientSearch">
    <failure type="java.lang.NullPointerException">
      <![CDATA[java.lang.NullPointerException
	at com.cerner.pctorion.utility.Settings.tearDown(Settings.java:47)
... Removed 25 stack frames]]>
    </failure>
  </testcase> <!-- @AfterClass tearDown -->
  <testcase name="VRPatientSearch" time="0.695" classname="com.cerner.pctorion.platformTests.ORN_VR_PatientSearch">
    <failure type="java.lang.NullPointerException">
      <![CDATA[java.lang.NullPointerException
	at com.cerner.pctorion.platformTests.ORN_VR_PatientSearch.VRPatientSearch(ORN_VR_PatientSearch.java:56)
... Removed 25 stack frames]]>
    </failure>
  </testcase> <!-- VRPatientSearch -->
</testsuite> <!-- FireTest -->
