<?xml version="1.0" encoding="UTF-8"?>
<!-- Generated by org.testng.reporters.JUnitXMLReporter -->
<testsuite hostname="M1525102" name="FireTest" tests="1" failures="1" timestamp="28 Dec 2016 05:58:43 GMT" time="3.27" errors="0">
  <testcase name="VRPatientSearch" time="1.202" classname="com.cerner.pctorion.platformTests.ORN_VR_PatientSearch">
    <failure type="org.openqa.selenium.WebDriverException" message="Error loading page
Build info: version: &amp;apos;3.0.0&amp;apos;, revision: &amp;apos;350cf60&amp;apos;, time: &amp;apos;2016-10-13 10:48:16 -0700&amp;apos;
System info: host: &amp;apos;M1525102&amp;apos;, ip: &amp;apos;10.182.61.152&amp;apos;, os.name: &amp;apos;Mac OS X&amp;apos;, os.arch: &amp;apos;x86_64&amp;apos;, os.version: &amp;apos;10.11.6&amp;apos;, java.version: &amp;apos;1.8.0_91&amp;apos;
Driver info: org.openqa.selenium.firefox.FirefoxDriver
Capabilities [{rotatable=false, raisesAccessibilityExceptions=false, marionette=true, firefoxOptions={args=[], prefs={}}, appBuildId=20160623154057, version=, platform=MAC, proxy={}, command_id=1, specificationLevel=0, acceptSslCerts=false, browserVersion=47.0.1, platformVersion=15.6.0, XULappId={ec8030f7-c20a-464f-9b0e-13a3a9e97384}, browserName=Firefox, takesScreenshot=true, takesElementScreenshot=true, platformName=Darwin, device=desktop}]
Session ID: 8039e9a9-b814-864f-84cd-f3d2e8ef2bce">
      <![CDATA[org.openqa.selenium.WebDriverException: Error loading page
Build info: version: '3.0.0', revision: '350cf60', time: '2016-10-13 10:48:16 -0700'
System info: host: 'M1525102', ip: '10.182.61.152', os.name: 'Mac OS X', os.arch: 'x86_64', os.version: '10.11.6', java.version: '1.8.0_91'
Driver info: org.openqa.selenium.firefox.FirefoxDriver
Capabilities [{rotatable=false, raisesAccessibilityExceptions=false, marionette=true, firefoxOptions={args=[], prefs={}}, appBuildId=20160623154057, version=, platform=MAC, proxy={}, command_id=1, specificationLevel=0, acceptSslCerts=false, browserVersion=47.0.1, platformVersion=15.6.0, XULappId={ec8030f7-c20a-464f-9b0e-13a3a9e97384}, browserName=Firefox, takesScreenshot=true, takesElementScreenshot=true, platformName=Darwin, device=desktop}]
Session ID: 8039e9a9-b814-864f-84cd-f3d2e8ef2bce
	at org.openqa.selenium.remote.http.W3CHttpResponseCodec.createException(W3CHttpResponseCodec.java:127)
	at org.openqa.selenium.remote.http.W3CHttpResponseCodec.decode(W3CHttpResponseCodec.java:93)
	at org.openqa.selenium.remote.http.W3CHttpResponseCodec.decode(W3CHttpResponseCodec.java:42)
	at org.openqa.selenium.remote.HttpCommandExecutor.execute(HttpCommandExecutor.java:163)
	at org.openqa.selenium.remote.service.DriverCommandExecutor.execute(DriverCommandExecutor.java:82)
	at org.openqa.selenium.remote.RemoteWebDriver.execute(RemoteWebDriver.java:601)
	at org.openqa.selenium.remote.RemoteWebDriver.get(RemoteWebDriver.java:322)
	at com.cerner.pctorion.platformTests.ORN_VR_PatientSearch.VRPatientSearch(ORN_VR_PatientSearch.java:56)
... Removed 29 stack frames]]>
    </failure>
  </testcase> <!-- VRPatientSearch -->
</testsuite> <!-- FireTest -->
