<?xml version="1.0" encoding="UTF-8"?>
<testng-results skipped="1" failed="0" total="1" passed="0">
  <reporter-output>
  </reporter-output>
  <suite name="PlatformSuite" duration-ms="28" started-at="2016-12-22T09:03:54Z" finished-at="2016-12-22T09:03:54Z">
    <groups>
    </groups>
    <test name="Default test" duration-ms="28" started-at="2016-12-22T09:03:54Z" finished-at="2016-12-22T09:03:54Z">
      <class name="com.cerner.pctorion.platformTests.ORN_VR_PatientSearch">
        <test-method status="FAIL" signature="setup(java.lang.String, java.lang.String, java.lang.String)[pri:0, instance:com.cerner.pctorion.platformTests.ORN_VR_PatientSearch@73ad2d6]" name="setup" is-config="true" duration-ms="0" started-at="2016-12-22T14:33:54Z" finished-at="2016-12-22T14:33:54Z">
          <exception class="org.testng.TestNGException">
            <message>
              <![CDATA[
Parameter 'component' is required by @Configuration on method setup but has not been marked @Optional or defined
in /private/var/folders/dh/h4zwc0rd20xdqkll8qf48q7jp20lzj/T/testng-eclipse-174802560/testng-customsuite.xml]]>
            </message>
            <full-stacktrace>
              <![CDATA[org.testng.TestNGException: 
Parameter 'component' is required by @Configuration on method setup but has not been marked @Optional or defined
in /private/var/folders/dh/h4zwc0rd20xdqkll8qf48q7jp20lzj/T/testng-eclipse-174802560/testng-customsuite.xml
	at org.testng.internal.Parameters.createParameters(Parameters.java:156)
	at org.testng.internal.Parameters.createParameters(Parameters.java:363)
	at org.testng.internal.Parameters.createConfigurationParameters(Parameters.java:86)
	at org.testng.internal.Invoker.invokeConfigurations(Invoker.java:202)
	at org.testng.internal.Invoker.invokeConfigurations(Invoker.java:143)
	at org.testng.internal.TestMethodWorker.invokeBeforeClassMethods(TestMethodWorker.java:169)
	at org.testng.internal.TestMethodWorker.run(TestMethodWorker.java:108)
	at org.testng.TestRunner.privateRun(TestRunner.java:746)
	at org.testng.TestRunner.run(TestRunner.java:600)
	at org.testng.SuiteRunner.runTest(SuiteRunner.java:366)
	at org.testng.SuiteRunner.runSequentially(SuiteRunner.java:361)
	at org.testng.SuiteRunner.privateRun(SuiteRunner.java:319)
	at org.testng.SuiteRunner.run(SuiteRunner.java:268)
	at org.testng.SuiteRunnerWorker.runSuite(SuiteRunnerWorker.java:52)
	at org.testng.SuiteRunnerWorker.run(SuiteRunnerWorker.java:86)
	at org.testng.TestNG.runSuitesSequentially(TestNG.java:1264)
	at org.testng.TestNG.runSuitesLocally(TestNG.java:1189)
	at org.testng.TestNG.runSuites(TestNG.java:1104)
	at org.testng.TestNG.run(TestNG.java:1076)
	at org.testng.remote.AbstractRemoteTestNG.run(AbstractRemoteTestNG.java:126)
	at org.testng.remote.RemoteTestNG.initAndRun(RemoteTestNG.java:152)
	at org.testng.remote.RemoteTestNG.main(RemoteTestNG.java:57)
]]>
            </full-stacktrace>
          </exception> <!-- org.testng.TestNGException -->
          <reporter-output>
          </reporter-output>
        </test-method> <!-- setup -->
        <test-method status="SKIP" signature="VRPatientSearch()[pri:0, instance:com.cerner.pctorion.platformTests.ORN_VR_PatientSearch@73ad2d6]" name="VRPatientSearch" duration-ms="5" started-at="2016-12-22T14:33:54Z" finished-at="2016-12-22T14:33:54Z">
          <reporter-output>
          </reporter-output>
        </test-method> <!-- VRPatientSearch -->
        <test-method status="SKIP" signature="tearDown()[pri:0, instance:com.cerner.pctorion.platformTests.ORN_VR_PatientSearch@73ad2d6]" name="tearDown" is-config="true" duration-ms="0" started-at="2016-12-22T14:33:54Z" finished-at="2016-12-22T14:33:54Z">
          <reporter-output>
          </reporter-output>
        </test-method> <!-- tearDown -->
      </class> <!-- com.cerner.pctorion.platformTests.ORN_VR_PatientSearch -->
    </test> <!-- Default test -->
  </suite> <!-- PlatformSuite -->
</testng-results>
