<?xml version="1.0" encoding="UTF-8"?>
<testng-results skipped="0" failed="0" total="1" passed="1">
  <reporter-output>
  </reporter-output>
  <suite name="Suite" duration-ms="268417" started-at="2017-01-03T11:59:05Z" finished-at="2017-01-03T12:03:33Z">
    <groups>
    </groups>
    <test name="Orn_Vr_VisitList" duration-ms="268417" started-at="2017-01-03T11:59:05Z" finished-at="2017-01-03T12:03:33Z">
      <class name="com.cerner.pctorion.chartTests.ORN_VR_VISITLIST">
        <test-method status="PASS" signature="setup(java.lang.String, java.lang.String, java.lang.String)[pri:0, instance:com.cerner.pctorion.chartTests.ORN_VR_VISITLIST@5f2108b5]" name="setup" is-config="true" duration-ms="1599" started-at="2017-01-03T17:29:05Z" finished-at="2017-01-03T17:29:07Z">
          <params>
            <param index="0">
              <value>
                <![CDATA[Platform]]>
              </value>
            </param>
            <param index="1">
              <value>
                <![CDATA[chrome]]>
              </value>
            </param>
            <param index="2">
              <value>
                <![CDATA[Dev]]>
              </value>
            </param>
          </params>
          <reporter-output>
          </reporter-output>
        </test-method> <!-- setup -->
        <test-method status="PASS" signature="ornVrVisitList()[pri:0, instance:com.cerner.pctorion.chartTests.ORN_VR_VISITLIST@5f2108b5]" name="ornVrVisitList" duration-ms="266456" started-at="2017-01-03T17:29:07Z" finished-at="2017-01-03T17:33:33Z">
          <reporter-output>
          </reporter-output>
        </test-method> <!-- ornVrVisitList -->
        <test-method status="PASS" signature="tearDown()[pri:0, instance:com.cerner.pctorion.chartTests.ORN_VR_VISITLIST@5f2108b5]" name="tearDown" is-config="true" duration-ms="347" started-at="2017-01-03T17:33:33Z" finished-at="2017-01-03T17:33:33Z">
          <reporter-output>
          </reporter-output>
        </test-method> <!-- tearDown -->
      </class> <!-- com.cerner.pctorion.chartTests.ORN_VR_VISITLIST -->
    </test> <!-- Orn_Vr_VisitList -->
  </suite> <!-- Suite -->
</testng-results>
